> Task :compileJava
> Task :processResources UP-TO-DATE
> Task :classes
> Task :resolveMainClassName

> Task :bootRun

  .   ____          _            __ _ _
 /\\ / ___'_ __ _ _(_)_ __  __ _ \ \ \ \
( ( )\___ | '_ | '_| | '_ \/ _` | \ \ \ \
 \\/  ___)| |_)| | | | | || (_| |  ) ) ) )
  '  |____| .__|_| |_|_| |_\__, | / / / /
 =========|_|==============|___/=/_/_/_/
 :: Spring Boot ::                (v3.2.5)

2025-07-14T16:38:53.970+07:00 DEBUG 491092 --- [tracking-aircraft-aircraft] [           main] o.s.s.concurrent.ThreadPoolTaskExecutor  : Initializing ExecutorService 'clientInboundChannelExecutor'
2025-07-14T16:38:53.983+07:00 DEBUG 491092 --- [tracking-aircraft-aircraft] [           main] o.s.s.concurrent.ThreadPoolTaskExecutor  : Initializing ExecutorService 'clientOutboundChannelExecutor'
2025-07-14T16:38:53.984+07:00 DEBUG 491092 --- [tracking-aircraft-aircraft] [           main] o.s.s.concurrent.ThreadPoolTaskExecutor  : Initializing ExecutorService 'brokerChannelExecutor'
2025-07-14T16:38:55.037+07:00 DEBUG 491092 --- [tracking-aircraft-aircraft] [           main] o.s.s.concurrent.ThreadPoolTaskExecutor  : Initializing ExecutorService
2025-07-14T16:38:55.037+07:00  INFO 491092 --- [tracking-aircraft-aircraft] [           main] c.p.t.config.AsyncConfig                 : ✅ Async Task Executor initialized with core=4, max=12, queue=100
2025-07-14T16:38:55.038+07:00 DEBUG 491092 --- [tracking-aircraft-aircraft] [           main] o.s.s.concurrent.ThreadPoolTaskExecutor  : Initializing ExecutorService 'taskExecutor'
2025-07-14T16:38:55.038+07:00 DEBUG 491092 --- [tracking-aircraft-aircraft] [           main] o.s.s.concurrent.ThreadPoolTaskExecutor  : Initializing ExecutorService
2025-07-14T16:38:55.038+07:00  INFO 491092 --- [tracking-aircraft-aircraft] [           main] c.p.t.config.AsyncConfig                 : ✅ Scheduled Task Executor initialized with core=2, max=6, queue=50
2025-07-14T16:38:55.039+07:00 DEBUG 491092 --- [tracking-aircraft-aircraft] [           main] o.s.s.concurrent.ThreadPoolTaskExecutor  : Initializing ExecutorService 'scheduledTaskExecutor'
2025-07-14T16:38:55.338+07:00 DEBUG 491092 --- [tracking-aircraft-aircraft] [           main] o.s.s.c.ThreadPoolTaskScheduler          : Initializing ExecutorService 'messageBrokerTaskScheduler'
2025-07-14T16:38:55.903+07:00 DEBUG 491092 --- [tracking-aircraft-aircraft] [           main] o.s.s.c.ThreadPoolTaskScheduler          : Shutting down ExecutorService 'messageBrokerTaskScheduler'
2025-07-14T16:38:55.904+07:00 DEBUG 491092 --- [tracking-aircraft-aircraft] [           main] o.s.s.concurrent.ThreadPoolTaskExecutor  : Shutting down ExecutorService 'scheduledTaskExecutor'
2025-07-14T16:38:55.904+07:00 DEBUG 491092 --- [tracking-aircraft-aircraft] [           main] o.s.s.concurrent.ThreadPoolTaskExecutor  : Shutting down ExecutorService 'taskExecutor'
2025-07-14T16:38:55.907+07:00 DEBUG 491092 --- [tracking-aircraft-aircraft] [           main] o.s.s.concurrent.ThreadPoolTaskExecutor  : Shutting down ExecutorService 'brokerChannelExecutor'
2025-07-14T16:38:55.907+07:00 DEBUG 491092 --- [tracking-aircraft-aircraft] [           main] o.s.s.concurrent.ThreadPoolTaskExecutor  : Shutting down ExecutorService 'clientOutboundChannelExecutor'
2025-07-14T16:38:55.907+07:00 DEBUG 491092 --- [tracking-aircraft-aircraft] [           main] o.s.s.concurrent.ThreadPoolTaskExecutor  : Shutting down ExecutorService 'clientInboundChannelExecutor'
2025-07-14T16:38:55.931+07:00 ERROR 491092 --- [tracking-aircraft-aircraft] [           main] o.s.b.d.LoggingFailureAnalysisReporter   : 

***************************
APPLICATION FAILED TO START
***************************

Description:

Web server failed to start. Port 9090 was already in use.

Action:

Identify and stop the process that's listening on port 9090 or configure this application to listen on another port.

